[INFO  - 2016-10-16T03:09:24.453Z] GhostDriver - Main - running on port 53054
[INFO  - 2016-10-16T03:09:25.629Z] Session [f192e680-934d-11e6-8e47-6d30ff3b991b] - page.settings - {"XSSAuditingEnabled":false,"javascriptCanCloseWindows":true,"javascriptCanOpenWindows":true,"javascriptEnabled":true,"loadImages":true,"localToRemoteUrlAccessEnabled":false,"userAgent":"Mozilla/5.0 (Windows NT 6.1) AppleWebKit/538.1 (KHTML, like Gecko) PhantomJS/2.1.1 Safari/538.1","webSecurityEnabled":true}
[INFO  - 2016-10-16T03:09:25.629Z] Session [f192e680-934d-11e6-8e47-6d30ff3b991b] - page.customHeaders:  - {}
[INFO  - 2016-10-16T03:09:25.630Z] Session [f192e680-934d-11e6-8e47-6d30ff3b991b] - Session.negotiatedCapabilities - {"browserName":"phantomjs","version":"2.1.1","driverName":"ghostdriver","driverVersion":"1.2.0","platform":"windows-7-32bit","javascriptEnabled":true,"takesScreenshot":true,"handlesAlerts":false,"databaseEnabled":false,"locationContextEnabled":false,"applicationCacheEnabled":false,"browserConnectionEnabled":false,"cssSelectorsEnabled":true,"webStorageEnabled":false,"rotatable":false,"acceptSslCerts":false,"nativeEvents":true,"proxy":{"proxyType":"direct"}}
[INFO  - 2016-10-16T03:09:25.630Z] SessionManagerReqHand - _postNewSessionCommand - New Session Created: f192e680-934d-11e6-8e47-6d30ff3b991b
[ERROR - 2016-10-16T03:09:30.955Z] Session [f192e680-934d-11e6-8e47-6d30ff3b991b] - page.onError - msg: TypeError: null is not an object (evaluating 'document.body.clientWidth')

  phantomjs://platform/console++.js:263 in error
[ERROR - 2016-10-16T03:09:30.960Z] Session [f192e680-934d-11e6-8e47-6d30ff3b991b] - page.onError - stack:
  fetch_visitor_hash (http://s2.music.126.net/static/mob/ntes.id.js:293)
  neteaseTracker (http://s2.music.126.net/static/mob/ntes.id.js:337)
  (anonymous function) (http://s2.music.126.net/static/mob/ntes.id.js:384)

  phantomjs://platform/console++.js:263 in error
[ERROR - 2016-10-16T03:10:07.232Z] Session [f192e680-934d-11e6-8e47-6d30ff3b991b] - page.onError - msg: TypeError: undefined is not an object (evaluating 'Uw.addCallback')

  phantomjs://platform/console++.js:263 in error
[ERROR - 2016-10-16T03:10:07.233Z] Session [f192e680-934d-11e6-8e47-6d30ff3b991b] - page.onError - stack:
  (anonymous function) (http://s3.music.126.net/sep/s/2/core.js?11e0242a3c6da8397cdc36f54102ab5c:123)
  forEach (:0)
  cv (http://s3.music.126.net/sep/s/2/core.js?11e0242a3c6da8397cdc36f54102ab5c:17)
  (anonymous function) (http://s3.music.126.net/sep/s/2/core.js?11e0242a3c6da8397cdc36f54102ab5c:123)
  (anonymous function) (http://s3.music.126.net/sep/s/2/core.js?11e0242a3c6da8397cdc36f54102ab5c:1)
  KE (http://s3.music.126.net/sep/s/2/core.js?11e0242a3c6da8397cdc36f54102ab5c:25)
  (anonymous function) (http://s3.music.126.net/sep/s/2/core.js?11e0242a3c6da8397cdc36f54102ab5c:1)

  phantomjs://platform/console++.js:263 in error
